<?xml version="1.0" encoding="UTF-8"?>
<!-- Generated by org.testng.reporters.JUnitReportReporter -->
<testsuite skipped="0" hostname="LIN59017991" name="com.guru99Insurance.testCases.LoginPageTest" tests="3" failures="0" timestamp="06 Jun 2022 11:18:04 GMT" time="27.354" errors="0">
  <testcase name="validateLoginPageURLTest" time="8.153" classname="com.guru99Insurance.testCases.LoginPageTest"/>
  <testcase name="validateLoginPageTextTest" time="7.137" classname="com.guru99Insurance.testCases.LoginPageTest"/>
  <testcase name="loginToApplicationTest" time="12.064" classname="com.guru99Insurance.testCases.LoginPageTest"/>
</testsuite> <!-- com.guru99Insurance.testCases.LoginPageTest -->
