<?xml version="1.0" encoding="UTF-8"?>
<!-- Generated by org.testng.reporters.JUnitReportReporter -->
<testsuite skipped="0" hostname="LIN59017991" name="com.guru99Insurance.testCases.RequestQuotationPageTest" tests="1" failures="0" timestamp="07 Jun 2022 06:58:44 GMT" time="16.101" errors="0">
  <testcase name="requestQuotationTest" time="16.101" classname="com.guru99Insurance.testCases.RequestQuotationPageTest"/>
</testsuite> <!-- com.guru99Insurance.testCases.RequestQuotationPageTest -->
