<?xml version="1.0" encoding="UTF-8"?>
<!-- Generated by org.testng.reporters.JUnitReportReporter -->
<testsuite skipped="0" hostname="LIN59017991" name="com.guru99Insurance.testCases.RegisterPageTest" tests="3" failures="0" timestamp="06 Jun 2022 08:47:12 GMT" time="29.254" errors="0">
  <testcase name="validateRegisterPageURLTest" time="7.899" classname="com.guru99Insurance.testCases.RegisterPageTest"/>
  <testcase name="validateRegisterPageTextTest" time="8.217" classname="com.guru99Insurance.testCases.RegisterPageTest"/>
  <testcase name="registerUserTest" time="13.138" classname="com.guru99Insurance.testCases.RegisterPageTest"/>
</testsuite> <!-- com.guru99Insurance.testCases.RegisterPageTest -->
