<?xml version="1.0" encoding="UTF-8"?>
<!-- Generated by org.testng.reporters.JUnitReportReporter -->
<testsuite skipped="0" hostname="LIN59017991" name="com.guru99Insurance.testCases.HomePageTest" tests="5" failures="0" timestamp="06 Jun 2022 08:48:04 GMT" time="37.212" errors="0">
  <testcase name="validateHomePageURLTest" time="6.586" classname="com.guru99Insurance.testCases.HomePageTest"/>
  <testcase name="validateHomePageLogoTest" time="6.124" classname="com.guru99Insurance.testCases.HomePageTest"/>
  <testcase name="validateHomePageTitleTest" time="6.660" classname="com.guru99Insurance.testCases.HomePageTest"/>
  <testcase name="clickOnRegisterBtnTest" time="8.944" classname="com.guru99Insurance.testCases.HomePageTest"/>
  <testcase name="clickOnLoginBtnTest" time="8.898" classname="com.guru99Insurance.testCases.HomePageTest"/>
</testsuite> <!-- com.guru99Insurance.testCases.HomePageTest -->
