<?xml version="1.0" encoding="UTF-8"?>
<!-- Generated by org.testng.reporters.JUnitReportReporter -->
<testsuite skipped="0" hostname="LIN59017991" name="com.guru99Insurance.testCases.RetrieveQuotationPageTest" tests="1" failures="0" timestamp="08 Jun 2022 10:37:45 GMT" time="22.806" errors="0">
  <testcase name="validateQuotationTest" time="22.806" classname="com.guru99Insurance.testCases.RetrieveQuotationPageTest"/>
</testsuite> <!-- com.guru99Insurance.testCases.RetrieveQuotationPageTest -->
