<?xml version="1.0" encoding="UTF-8"?>
<!-- Generated by org.testng.reporters.JUnitReportReporter -->
<testsuite skipped="0" hostname="LIN59017991" name="com.guru99Insurance.testCases.HomePageTest" tests="5" failures="0" timestamp="2022-06-10T13:05:14 IST" time="36.035" errors="0">
  <testcase name="validateHomePageURLTest" time="6.855" classname="com.guru99Insurance.testCases.HomePageTest"/>
  <system-out/>
  <testcase name="validateHomePageLogoTest" time="8.367" classname="com.guru99Insurance.testCases.HomePageTest"/>
  <system-out/>
  <testcase name="validateHomePageTitleTest" time="6.477" classname="com.guru99Insurance.testCases.HomePageTest"/>
  <system-out/>
  <testcase name="clickOnRegisterBtnTest" time="8.145" classname="com.guru99Insurance.testCases.HomePageTest"/>
  <system-out/>
  <testcase name="clickOnLoginBtnTest" time="6.191" classname="com.guru99Insurance.testCases.HomePageTest"/>
  <system-out/>
</testsuite> <!-- com.guru99Insurance.testCases.HomePageTest -->
